<?xml version="1.0" encoding="UTF-8"?>
<!-- Generated by org.testng.reporters.JUnitXMLReporter -->
<testsuite ignored="0" hostname="raghav-Acer-One-14-Z8-415" failures="0" tests="3" name="Test-1" time="33.992" errors="0" timestamp="2024-09-13T00:20:20 IST">
  <testcase classname="SuregSdet8.TestCases" name="TitleLogin" time="2.953"/>
  <testcase classname="SuregSdet8.TestCases" name="Test" time="3.923"/>
  <testcase classname="SuregSdet8.TestCases2" name="TitleLogin" time="0.315"/>
</testsuite> <!-- Test-1 -->
