<?xml version="1.0" encoding="UTF-8"?>
<!-- Generated by org.testng.reporters.JUnitReportReporter -->
<testsuite hostname="raghav-Acer-One-14-Z8-415" failures="0" tests="2" name="TestngC43.AnnotationClass" time="0.010" errors="0" timestamp="2024-08-23T20:11:06 IST" skipped="0">
  <testcase classname="TestngC43.AnnotationClass" name="Search" time="0.009"/>
  <system-out/>
  <testcase classname="TestngC43.AnnotationClass" name="AdvanceSearch" time="0.001"/>
  <system-out/>
</testsuite> <!-- TestngC43.AnnotationClass -->
