<?xml version="1.0" encoding="UTF-8"?>
<!-- Generated by org.testng.reporters.JUnitReportReporter -->
<testsuite hostname="raghav-Acer-One-14-Z8-415" failures="0" tests="4" name="TestngC42.OrangeHMTest" time="13.702" errors="0" timestamp="2024-08-23T19:00:02 IST" skipped="0">
  <testcase classname="TestngC42.OrangeHMTest" name="OpenApp" time="8.709"/>
  <system-out/>
  <testcase classname="TestngC42.OrangeHMTest" name="LogoTest" time="3.064"/>
  <system-out/>
  <testcase classname="TestngC42.OrangeHMTest" name="Login" time="1.845"/>
  <system-out/>
  <testcase classname="TestngC42.OrangeHMTest" name="Close" time="0.084"/>
  <system-out/>
</testsuite> <!-- TestngC42.OrangeHMTest -->
