<?xml version="1.0" encoding="UTF-8"?>
<!-- Generated by org.testng.reporters.JUnitReportReporter -->
<testsuite hostname="raghav-Acer-One-14-Z8-415" failures="0" tests="3" name="Testngc44.LoginTests" time="0.012" errors="0" timestamp="2024-09-03T18:05:30 IST" skipped="0">
  <testcase classname="Testngc44.LoginTests" name="facebooklogin" time="0.010"/>
  <system-out/>
  <testcase classname="Testngc44.LoginTests" name="Udemylogin" time="0.001"/>
  <system-out/>
  <testcase classname="Testngc44.LoginTests" name="Rubylogin" time="0.001"/>
  <system-out/>
</testsuite> <!-- Testngc44.LoginTests -->
