<?xml version="1.0" encoding="UTF-8"?>
<!-- Generated by org.testng.reporters.JUnitReportReporter -->
<testsuite hostname="raghav-Acer-One-14-Z8-415" failures="0" tests="3" name="TestngC42.TngFirst" time="0.017" errors="0" timestamp="2024-08-23T19:00:02 IST" skipped="0">
  <testcase classname="TestngC42.TngFirst" name="openapp" time="0.014"/>
  <system-out/>
  <testcase classname="TestngC42.TngFirst" name="login" time="0.002"/>
  <system-out/>
  <testcase classname="TestngC42.TngFirst" name="logout" time="0.001"/>
  <system-out/>
</testsuite> <!-- TestngC42.TngFirst -->
