<?xml version="1.0" encoding="UTF-8"?>
<!-- Generated by org.testng.reporters.JUnitReportReporter -->
<testsuite hostname="raghav-Acer-One-14-Z8-415" failures="0" tests="5" name="Testngc44.DependencyMethods" time="0.017" errors="0" timestamp="2024-09-11T16:33:25 IST" skipped="0">
  <testcase classname="Testngc44.DependencyMethods" name="openapp" time="0.013"/>
  <system-out/>
  <testcase classname="Testngc44.DependencyMethods" name="Login" time="0.001"/>
  <system-out/>
  <testcase classname="Testngc44.DependencyMethods" name="search" time="0.001"/>
  <system-out/>
  <testcase classname="Testngc44.DependencyMethods" name="Advsearch" time="0.001"/>
  <system-out/>
  <testcase classname="Testngc44.DependencyMethods" name="logout" time="0.001"/>
  <system-out/>
</testsuite> <!-- Testngc44.DependencyMethods -->
