<?xml version="1.0" encoding="UTF-8"?>
<!-- Generated by org.testng.reporters.JUnitReportReporter -->
<testsuite hostname="raghav-Acer-One-14-Z8-415" failures="0" tests="3" name="SuregSdet8.TestCases" time="14.349" errors="0" timestamp="2024-09-12T12:07:10 IST" skipped="2">
  <testcase classname="SuregSdet8.TestCases" name="OpenApp" time="14.349"/>
  <system-out/>
  <testcase classname="SuregSdet8.TestCases" name="open3">
    <skipped/>
  </testcase> <!-- open3 -->
  <system-out/>
  <testcase classname="SuregSdet8.TestCases" name="open">
    <skipped/>
  </testcase> <!-- open -->
  <system-out/>
</testsuite> <!-- SuregSdet8.TestCases -->
