<?xml version="1.0" encoding="UTF-8"?>
<!-- Generated by org.testng.reporters.JUnitReportReporter -->
<testsuite hostname="raghav-Acer-One-14-Z8-415" failures="0" tests="3" name="Testngc44.SignupTests" time="0.014" errors="0" timestamp="2024-09-03T18:02:26 IST" skipped="0">
  <testcase classname="Testngc44.SignupTests" name="WhtasappSignup" time="0.012"/>
  <system-out/>
  <testcase classname="Testngc44.SignupTests" name="SignupFacebook" time="0.001"/>
  <system-out/>
  <testcase classname="Testngc44.SignupTests" name="SignupInstagram" time="0.001"/>
  <system-out/>
</testsuite> <!-- Testngc44.SignupTests -->
