<?xml version="1.0" encoding="UTF-8"?>
<!-- Generated by org.testng.reporters.JUnitReportReporter -->
<testsuite hostname="raghav-Acer-One-14-Z8-415" failures="0" tests="2" name="TestngC43.AllAnnotations" time="0.012" errors="0" timestamp="2024-09-02T23:40:04 IST" skipped="0">
  <testcase classname="TestngC43.AllAnnotations" name="test1" time="0.010"/>
  <system-out/>
  <testcase classname="TestngC43.AllAnnotations" name="Test2" time="0.002"/>
  <system-out/>
</testsuite> <!-- TestngC43.AllAnnotations -->
