<?xml version="1.0" encoding="UTF-8"?>
<!-- Generated by org.testng.reporters.JUnitReportReporter -->
<testsuite hostname="raghav-Acer-One-14-Z8-415" failures="0" tests="2" name="Day43.pack.C3" time="0.001" errors="0" timestamp="2024-09-02T23:14:45 IST" skipped="0">
  <testcase classname="Day43.pack.C3" name="monu" time="0.000"/>
  <system-out/>
  <testcase classname="Day43.pack.C3" name="monu" time="0.001"/>
  <system-out/>
</testsuite> <!-- Day43.pack.C3 -->
