<?xml version="1.0" encoding="UTF-8"?>
<!-- Generated by org.testng.reporters.JUnitReportReporter -->
<testsuite hostname="raghav-Acer-One-14-Z8-415" failures="0" tests="2" name="TestngC43.AnnotationDemo1" time="0.017" errors="0" timestamp="2024-09-02T14:04:06 IST" skipped="0">
  <testcase classname="TestngC43.AnnotationDemo1" name="Search" time="0.015"/>
  <system-out/>
  <testcase classname="TestngC43.AnnotationDemo1" name="AdvanceSearch" time="0.002"/>
  <system-out/>
</testsuite> <!-- TestngC43.AnnotationDemo1 -->
