<?xml version="1.0" encoding="UTF-8"?>
<!-- Generated by org.testng.reporters.JUnitReportReporter -->
<testsuite hostname="raghav-Acer-One-14-Z8-415" failures="0" tests="2" name="Testngc44.PaymentTests" time="0.013" errors="0" timestamp="2024-09-03T18:05:57 IST" skipped="0">
  <testcase classname="Testngc44.PaymentTests" name="GitPayment" time="0.012"/>
  <system-out/>
  <testcase classname="Testngc44.PaymentTests" name="HousePayment" time="0.001"/>
  <system-out/>
</testsuite> <!-- Testngc44.PaymentTests -->
