<?xml version="1.0" encoding="UTF-8"?>
<!-- Generated by org.testng.reporters.JUnitReportReporter -->
<testsuite hostname="raghav-Acer-One-14-Z8-415" failures="0" tests="2" name="SuregSdet8.TestCases" time="6.876" errors="0" timestamp="2024-09-13T00:20:20 IST" skipped="0">
  <testcase classname="SuregSdet8.TestCases" name="TitleLogin" time="2.953"/>
  <system-out/>
  <testcase classname="SuregSdet8.TestCases" name="Test" time="3.923"/>
  <system-out/>
</testsuite> <!-- SuregSdet8.TestCases -->
