<?xml version="1.0" encoding="UTF-8"?>
<!-- Generated by org.testng.reporters.JUnitReportReporter -->
<testsuite hostname="raghav-Acer-One-14-Z8-415" failures="0" tests="1" name="TestngC43.AssertionsDemo" time="0.016" errors="0" timestamp="2024-09-10T17:34:45 IST" skipped="0">
  <testcase classname="TestngC43.AssertionsDemo" name="testTitle" time="0.016"/>
  <system-out/>
</testsuite> <!-- TestngC43.AssertionsDemo -->
