<?xml version="1.0" encoding="UTF-8"?>
<!-- Generated by org.testng.reporters.JUnitReportReporter -->
<testsuite hostname="raghav-Acer-One-14-Z8-415" failures="0" tests="2" name="Day43.pack.C1" time="0.009" errors="0" timestamp="2024-09-02T23:14:45 IST" skipped="0">
  <testcase classname="Day43.pack.C1" name="abc" time="0.008"/>
  <system-out/>
  <testcase classname="Day43.pack.C1" name="abc" time="0.001"/>
  <system-out/>
</testsuite> <!-- Day43.pack.C1 -->
